<?xml version="1.0" encoding="UTF-8"?>
<testng-results skipped="0" failed="0" ignored="0" total="1" passed="1">
  <reporter-output>
  </reporter-output>
  <suite name="Default suite" duration-ms="4065" started-at="2021-03-15T23:12:47Z" finished-at="2021-03-15T23:12:51Z">
    <groups>
    </groups>
    <test name="Default test" duration-ms="4065" started-at="2021-03-15T23:12:47Z" finished-at="2021-03-15T23:12:51Z">
      <class name="testCases.PUT_Or_Update_A_Product">
        <test-method status="PASS" signature="create_A_Products()[pri:0, instance:testCases.PUT_Or_Update_A_Product@161b062a]" name="create_A_Products" duration-ms="4033" started-at="2021-03-15T23:12:47Z" finished-at="2021-03-15T23:12:51Z">
          <reporter-output>
          </reporter-output>
        </test-method> <!-- create_A_Products -->
      </class> <!-- testCases.PUT_Or_Update_A_Product -->
    </test> <!-- Default test -->
  </suite> <!-- Default suite -->
</testng-results>
